<?xml version="1.0" encoding="UTF-8" ?>
<testsuite tests="14" failures="0" errors="0" skipped="0" time="1.251" name="file &quot;cfclient.app&quot;">
  <testcase time="0.159" name="cfclient_cache_repository_test:0 get_from_cache_test">
    <system-out>
    </system-out>
  </testcase>
  <testcase time="0.000" name="cfclient_cache_repository_test:0 format_key_test">
    <system-out>
    </system-out>
  </testcase>
  <testcase time="0.120" name="cfclient_evaluator_test:0 variations_test">
    <system-out>
    </system-out>
  </testcase>
  <testcase time="0.000" name="cfclient_evaluator_test:0 evaluate_target_rule_test">
    <system-out>
    </system-out>
  </testcase>
  <testcase time="0.000" name="cfclient_evaluator_test:0 search_variation_map_test">
    <system-out>
    </system-out>
  </testcase>
  <testcase time="0.000" name="cfclient_evaluator_test:0 search_targets_test">
    <system-out>
    </system-out>
  </testcase>
  <testcase time="0.052" name="cfclient_evaluator_test:0 is_rule_included_or_excluded_test">
    <system-out>
    </system-out>
  </testcase>
  <testcase time="0.000" name="cfclient_evaluator_test:0 search_group_custom_rule_test">
    <system-out>
    </system-out>
  </testcase>
  <testcase time="0.000" name="cfclient_evaluator_test:0 is_custom_rule_match_test">
    <system-out>
    </system-out>
  </testcase>
  <testcase time="0.005" name="cfclient_evaluator_test:0 custom_attribute_to_binary_test">
    <system-out>
    </system-out>
  </testcase>
  <testcase time="0.056" name="cfclient_evaluator_test:0 percentage_rollout_test">
    <system-out>
    </system-out>
  </testcase>
  <testcase time="0.003" name="cfclient_evaluator_test:0 search_prerequisites_test">
    <system-out>
    </system-out>
  </testcase>
  <testcase time="0.000" name="cfclient_evaluator_test:0 check_prerequisite_test">
    <system-out>
    </system-out>
  </testcase>
  <testcase time="0.000" name="temp_playground:0 decode_test (module 'temp_playground')">
    <system-out>
    </system-out>
  </testcase>
</testsuite>
