<?xml version="1.0" encoding="UTF-8" ?>
<testsuite tests="11" failures="0" errors="0" skipped="0" time="0.228" name="module 'cfclient_evaluator_test'">
  <testcase time="0.089" name="cfclient_evaluator_test:0 variations_test">
    <system-out>
    </system-out>
  </testcase>
  <testcase time="0.000" name="cfclient_evaluator_test:0 evaluate_target_rule_test">
    <system-out>
    </system-out>
  </testcase>
  <testcase time="0.000" name="cfclient_evaluator_test:0 search_variation_map_test">
    <system-out>
    </system-out>
  </testcase>
  <testcase time="0.000" name="cfclient_evaluator_test:0 search_targets_test">
    <system-out>
    </system-out>
  </testcase>
  <testcase time="0.053" name="cfclient_evaluator_test:0 is_rule_included_or_excluded_test">
    <system-out>
    </system-out>
  </testcase>
  <testcase time="0.000" name="cfclient_evaluator_test:0 search_group_custom_rule_test">
    <system-out>
    </system-out>
  </testcase>
  <testcase time="0.000" name="cfclient_evaluator_test:0 is_custom_rule_match_test">
    <system-out>
    </system-out>
  </testcase>
  <testcase time="0.000" name="cfclient_evaluator_test:0 custom_attribute_to_binary_test">
    <system-out>
    </system-out>
  </testcase>
  <testcase time="0.049" name="cfclient_evaluator_test:0 percentage_rollout_test">
    <system-out>
    </system-out>
  </testcase>
  <testcase time="0.003" name="cfclient_evaluator_test:0 search_prerequisites_test">
    <system-out>
    </system-out>
  </testcase>
  <testcase time="0.000" name="cfclient_evaluator_test:0 check_prerequisite_test">
    <system-out>
    </system-out>
  </testcase>
</testsuite>
